Using pre-set license
Built from '2020.3/staging' branch; Version is '2020.3.25f1 (9b9180224418) revision 10195328'; Using compiler version '192528614'; Build Type 'Release'
OS: 'Windows 10  (10.0.19044) 64bit Professional' Language: 'ko' Physical Memory: 16265 MB
BatchMode: 1, IsHumanControllingUs: 0, StartBugReporterOnCrash: 0, Is64bit: 1, IsPro: 0

COMMAND LINE ARGUMENTS:
C:\Program Files\Unity 2020.3.25f1\Editor\Unity.exe
-adb2
-batchMode
-noUpm
-name
AssetImportWorker0
-projectPath
C:/Users/User/Documents/GitHub/UnityLessonBasic_Nowon_Sat2/TowerDefence1
-logFile
Logs/AssetImportWorker0.log
-srvPort
59938
Successfully changed project path to: C:/Users/User/Documents/GitHub/UnityLessonBasic_Nowon_Sat2/TowerDefence1
C:/Users/User/Documents/GitHub/UnityLessonBasic_Nowon_Sat2/TowerDefence1
Using Asset Import Pipeline V2.
Refreshing native plugins compatible for Editor in 20.31 ms, found 2 plugins.
Preloading 0 native plugins for Editor in 0.00 ms.
Initialize engine version: 2020.3.25f1 (9b9180224418)
[Subsystems] Discovering subsystems at path C:/Program Files/Unity 2020.3.25f1/Editor/Data/Resources/UnitySubsystems
[Subsystems] Discovering subsystems at path C:/Users/User/Documents/GitHub/UnityLessonBasic_Nowon_Sat2/TowerDefence1/Assets
GfxDevice: creating device client; threaded=0
Direct3D:
    Version:  Direct3D 11.0 [level 11.1]
    Renderer: NVIDIA GeForce GTX 1660 SUPER (ID=0x21c4)
    Vendor:   
    VRAM:     5991 MB
    Driver:   27.21.14.5751
Initialize mono
Mono path[0] = 'C:/Program Files/Unity 2020.3.25f1/Editor/Data/Managed'
Mono path[1] = 'C:/Program Files/Unity 2020.3.25f1/Editor/Data/MonoBleedingEdge/lib/mono/unityjit'
Mono config path = 'C:/Program Files/Unity 2020.3.25f1/Editor/Data/MonoBleedingEdge/etc'
Using monoOptions --debugger-agent=transport=dt_socket,embedding=1,server=y,suspend=n,address=127.0.0.1:56868
Begin MonoManager ReloadAssembly
Registering precompiled unity dll's ...
Register platform support module: C:/Program Files/Unity 2020.3.25f1/Editor/Data/PlaybackEngines/WindowsStandaloneSupport/UnityEditor.WindowsStandalone.Extensions.dll
Registered in 0.000930 seconds.
Native extension for WindowsStandalone target not found
Refreshing native plugins compatible for Editor in 19.83 ms, found 2 plugins.
Preloading 0 native plugins for Editor in 0.00 ms.
Mono: successfully reloaded assembly
- Completed reload, in  0.344 seconds
Domain Reload Profiling:
	ReloadAssembly (344ms)
		BeginReloadAssembly (30ms)
			ExecutionOrderSort (0ms)
			DisableScriptedObjects (0ms)
			BackupInstance (0ms)
			ReleaseScriptingObjects (0ms)
			CreateAndSetChildDomain (1ms)
		EndReloadAssembly (271ms)
			LoadAssemblies (29ms)
			RebuildTransferFunctionScriptingTraits (0ms)
			SetupTypeCache (91ms)
			ReleaseScriptCaches (0ms)
			RebuildScriptCaches (17ms)
			SetupLoadedEditorAssemblies (99ms)
				LogAssemblyErrors (0ms)
				InitializePlatformSupportModulesInManaged (2ms)
				SetLoadedEditorAssemblies (0ms)
				RefreshPlugins (20ms)
				BeforeProcessingInitializeOnLoad (9ms)
				ProcessInitializeOnLoadAttributes (51ms)
				ProcessInitializeOnLoadMethodAttributes (17ms)
				AfterProcessingInitializeOnLoad (0ms)
				EditorAssembliesLoaded (0ms)
			ExecutionOrderSort2 (0ms)
			AwakeInstancesAfterBackupRestoration (0ms)
Platform modules already initialized, skipping
Registering precompiled user dll's ...
Registered in 0.001935 seconds.
Begin MonoManager ReloadAssembly
Native extension for WindowsStandalone target not found
Refreshing native plugins compatible for Editor in 0.31 ms, found 2 plugins.
Preloading 0 native plugins for Editor in 0.00 ms.
Mono: successfully reloaded assembly
- Completed reload, in  0.605 seconds
Domain Reload Profiling:
	ReloadAssembly (605ms)
		BeginReloadAssembly (83ms)
			ExecutionOrderSort (0ms)
			DisableScriptedObjects (3ms)
			BackupInstance (0ms)
			ReleaseScriptingObjects (0ms)
			CreateAndSetChildDomain (11ms)
		EndReloadAssembly (486ms)
			LoadAssemblies (49ms)
			RebuildTransferFunctionScriptingTraits (0ms)
			SetupTypeCache (174ms)
			ReleaseScriptCaches (0ms)
			RebuildScriptCaches (25ms)
			SetupLoadedEditorAssemblies (183ms)
				LogAssemblyErrors (0ms)
				InitializePlatformSupportModulesInManaged (3ms)
				SetLoadedEditorAssemblies (0ms)
				RefreshPlugins (0ms)
				BeforeProcessingInitializeOnLoad (51ms)
				ProcessInitializeOnLoadAttributes (120ms)
				ProcessInitializeOnLoadMethodAttributes (6ms)
				AfterProcessingInitializeOnLoad (3ms)
				EditorAssembliesLoaded (0ms)
			ExecutionOrderSort2 (0ms)
			AwakeInstancesAfterBackupRestoration (4ms)
Platform modules already initialized, skipping
========================================================================
Worker process is ready to serve import requests
Launched and connected shader compiler UnityShaderCompiler.exe after 0.02 seconds
Refreshing native plugins compatible for Editor in 0.31 ms, found 2 plugins.
Preloading 0 native plugins for Editor in 0.00 ms.
Unloading 1500 Unused Serialized files (Serialized files now loaded: 0)
System memory in use before: 68.5 MB.
System memory in use after: 68.6 MB.

Unloading 19 unused Assets to reduce memory usage. Loaded Objects now: 1932.
Total: 1.991100 ms (FindLiveObjects: 0.107000 ms CreateObjectMapping: 0.029100 ms MarkObjects: 1.782100 ms  DeleteObjects: 0.072300 ms)

AssetImportParameters requested are different than current active one (requested -> active):
  custom:framework-win-MediaFoundation: 216162199b28c13a410421893ffa2e32 -> 
  custom:video-decoder-ogg-theora: a1e56fd34408186e4bbccfd4996cb3dc -> 
  custom:container-muxer-webm: aa71ff27fc2769a1b78a27578f13a17b -> 
  custom:container-demuxer-webm: 4f35f7cbe854078d1ac9338744f61a02 -> 
  custom:container-demuxer-ogg: 62fdf1f143b41e24485cea50d1cbac27 -> 
  custom:video-encoder-webm-vp8: eb34c28f22e8b96e1ab97ce403110664 -> 
  custom:video-decoder-webm-vp8: 9c59270c3fd7afecdb556c50c9e8de78 -> 
  custom:audio-decoder-ogg-vorbis: bf7c407c2cedff20999df2af8eb42d56 -> 
  custom:audio-encoder-webm-vorbis: bf7c407c2cedff20999df2af8eb42d56 -> 
========================================================================
Received Import Request.
  path: Assets/Scenes
  artifactKey: Guid(9790a7fc32c6c0346a61447b31f18f79) Importer(815301076,1909f56bfc062723c751e8b465ee728b)
Start importing Assets/Scenes using Guid(9790a7fc32c6c0346a61447b31f18f79) Importer(815301076,1909f56bfc062723c751e8b465ee728b)  -> (artifact id: '3f9752f898e6e2394e87fc05ebe7c455') in 0.002710 seconds 
  Import took 0.004160 seconds .

========================================================================
Received Import Request.
  Time since last request: 3.912263 seconds.
  path: Assets/02.Scenes
  artifactKey: Guid(9790a7fc32c6c0346a61447b31f18f79) Importer(815301076,1909f56bfc062723c751e8b465ee728b)
Start importing Assets/02.Scenes using Guid(9790a7fc32c6c0346a61447b31f18f79) Importer(815301076,1909f56bfc062723c751e8b465ee728b)  -> (artifact id: 'bfa1f5149971967d5deeab89fcdd4168') in 0.000996 seconds 
  Import took 0.003026 seconds .

========================================================================
Received Import Request.
  Time since last request: 4.936891 seconds.
  path: Assets/01.Scenes
  artifactKey: Guid(9790a7fc32c6c0346a61447b31f18f79) Importer(815301076,1909f56bfc062723c751e8b465ee728b)
Start importing Assets/01.Scenes using Guid(9790a7fc32c6c0346a61447b31f18f79) Importer(815301076,1909f56bfc062723c751e8b465ee728b)  -> (artifact id: '842d72f3c982e97ed15a7c1f306bcbd7') in 0.000893 seconds 
  Import took 0.002537 seconds .

========================================================================
Received Import Request.
  Time since last request: 0.170694 seconds.
  path: Assets
  artifactKey: Guid(00000000000000001000000000000000) Importer(815301076,1909f56bfc062723c751e8b465ee728b)
Start importing Assets using Guid(00000000000000001000000000000000) Importer(815301076,1909f56bfc062723c751e8b465ee728b)  -> (artifact id: '42d402b061de3733987d63b9cc3b64de') in 0.001164 seconds 
  Import took 0.003059 seconds .

========================================================================
Received Import Request.
  Time since last request: 5.605774 seconds.
  path: Assets/02. Scripts
  artifactKey: Guid(5a814eb21f69a704380277d063a076cf) Importer(815301076,1909f56bfc062723c751e8b465ee728b)
Start importing Assets/02. Scripts using Guid(5a814eb21f69a704380277d063a076cf) Importer(815301076,1909f56bfc062723c751e8b465ee728b)  -> (artifact id: '03939478cad5e1d28aaf26448799a4fe') in 0.001712 seconds 
  Import took 0.003619 seconds .

========================================================================
Received Import Request.
  Time since last request: 8.027474 seconds.
  path: Assets/03. Prefabs
  artifactKey: Guid(1736df701bd7b4745ab05f6cf2070722) Importer(815301076,1909f56bfc062723c751e8b465ee728b)
Start importing Assets/03. Prefabs using Guid(1736df701bd7b4745ab05f6cf2070722) Importer(815301076,1909f56bfc062723c751e8b465ee728b)  -> (artifact id: 'd52f6d590222f6b8a3e2d121842d9041') in 0.001361 seconds 
  Import took 0.003158 seconds .

========================================================================
Received Import Request.
  Time since last request: 8.016191 seconds.
  path: Assets/04. Materials
  artifactKey: Guid(c0102f9cd447ea943bc149a84410a6bb) Importer(815301076,1909f56bfc062723c751e8b465ee728b)
Start importing Assets/04. Materials using Guid(c0102f9cd447ea943bc149a84410a6bb) Importer(815301076,1909f56bfc062723c751e8b465ee728b)  -> (artifact id: 'd8283f7b46fd6dfe4052584711eaabc4') in 0.001006 seconds 
  Import took 0.002682 seconds .

========================================================================
Received Import Request.
  Time since last request: 10.517037 seconds.
  path: Assets/05. Texture
  artifactKey: Guid(9a5763da376daef449eb11c2dea4c0f6) Importer(815301076,1909f56bfc062723c751e8b465ee728b)
Start importing Assets/05. Texture using Guid(9a5763da376daef449eb11c2dea4c0f6) Importer(815301076,1909f56bfc062723c751e8b465ee728b)  -> (artifact id: '49c3ee1b1860bc1fa19493515f78617f') in 0.000970 seconds 
  Import took 0.002690 seconds .

========================================================================
Received Import Request.
  Time since last request: 4.489290 seconds.
  path: Assets/Resources
  artifactKey: Guid(fd18023c692a27d409461840f8adcfc0) Importer(815301076,1909f56bfc062723c751e8b465ee728b)
Start importing Assets/Resources using Guid(fd18023c692a27d409461840f8adcfc0) Importer(815301076,1909f56bfc062723c751e8b465ee728b)  -> (artifact id: '6a8529174efc67e0e55f2f37a3b2c289') in 0.001381 seconds 
  Import took 0.003114 seconds .

========================================================================
Received Import Request.
  Time since last request: 207.172830 seconds.
  path: Assets/03. Prefabs/EnemyPath.prefab
  artifactKey: Guid(075a1af3b3fc62743af64c9c81026245) Importer(815301076,1909f56bfc062723c751e8b465ee728b)
Start importing Assets/03. Prefabs/EnemyPath.prefab using Guid(075a1af3b3fc62743af64c9c81026245) Importer(815301076,1909f56bfc062723c751e8b465ee728b)  -> (artifact id: '73918938a36bb7a80c1dd483ee1a0864') in 0.063443 seconds 
  Import took 0.065381 seconds .

========================================================================
Received Import Request.
  Time since last request: 0.714864 seconds.
  path: Assets/03. Prefabs/Node.prefab
  artifactKey: Guid(641fc093837a0f2498b8c8a38ece7c96) Importer(815301076,1909f56bfc062723c751e8b465ee728b)
Start importing Assets/03. Prefabs/Node.prefab using Guid(641fc093837a0f2498b8c8a38ece7c96) Importer(815301076,1909f56bfc062723c751e8b465ee728b)  -> (artifact id: '0d2af482636ed767a15cf4810bffbe5b') in 0.016895 seconds 
  Import took 0.018763 seconds .

AssetImportWorkerClient::OnTransportError - code=2 error=End of file
